Start testing: Sep 17 11:58 EDT
----------------------------------------------------------
1/1 Testing: TestPolyhedronUnit
1/1 Test: TestPolyhedronUnit
Command: "/home/philip/eigen-cddlib/build/tests/TestPolyhedron"
Directory: /home/philip/eigen-cddlib/build/tests
"TestPolyhedronUnit" start time: Sep 17 11:58 EDT
Output:
----------------------------------------------------------
Running 4 test cases...
Wall time: 0.127755ms
H-representation
begin
 4 4 real
  0  2  0  1
  0  0  2  1
  0 -2  0  1
  0  0 -2  1
end
Wall time: 0.093851ms
V-representation
begin
 4 4 real
  0  1  1  2
  0  1 -1  2
  0 -1 -1  2
  0 -1  1  2
end
Wall time: 0.054368ms
H-representation
begin
 4 4 real
  0  2  0  1
  0  0  2  1
  0 -2  0  1
  0  0 -2  1
end
Wall time: 0.052084ms
H-representation
begin
 4 3 real
  1  0  1
  1  1  0
  1  0 -1
  1 -1  0
end

*** No errors detected
<end of output>
Test time =   0.01 sec
----------------------------------------------------------
Test Passed.
"TestPolyhedronUnit" end time: Sep 17 11:58 EDT
"TestPolyhedronUnit" time elapsed: 00:00:00
----------------------------------------------------------

End testing: Sep 17 11:58 EDT
